<?xml version="1.0" encoding="UTF-8"?>
<!-- Generated by org.testng.reporters.JUnitXMLReporter -->
<testsuite ignored="0" hostname="DESKTOP-B0SIMJH" failures="0" tests="3" name="Test" time="12.603" errors="0" timestamp="27 Jul 2022 13:43:59 GMT">
  <testcase classname="TestCases.DashboardMenuTestcase" name="Navigate_AdminRoles" time="4.895"/>
  <testcase classname="TestCases.DashboardMenuTestcase" name="Navigate_userManagement" time="4.935"/>
  <testcase classname="TestCases.LoginTestcase" name="VaildLogin" time="2.584"/>
</testsuite> <!-- Test -->
